=====================
2019-12-12 13:40:38  D错误事件
************************Exception Start************************
Exception Remark：Process
Exception Date:2019-12-12 13:40:38
Exception Type:System.Web.HttpException
Exception Message:超过了最大请求长度。
Exception Source:System.Web
Exception StackTrace:   在 System.Web.HttpRequest.GetEntireRawContent()
   在 System.Web.HttpRequest.GetMultipartContent()
   在 System.Web.HttpRequest.FillInFilesCollection()
   在 System.Web.HttpRequest.EnsureFiles()
   在 System.Web.HttpRequest.get_Files()
   在 Ueditor.MyUploadHandler.Process() 位置 C:\Users\Administrator\Documents\WeChat Files\chenjianjun199381\FileStorage\File\2019-12\Ueditor\Ueditor\AppCode\MyUploadHandler.cs:行号 41
************************Exception End**************************

=====================
2019-12-12 13:48:27  D错误事件
************************Exception Start************************
Exception Remark：Process
Exception Date:2019-12-12 13:48:27
Exception Type:System.Threading.ThreadAbortException
Exception Message:正在中止线程。
Exception Source:mscorlib
Exception StackTrace:   在 System.Threading.Thread.AbortInternal()
   在 System.Threading.Thread.Abort(Object stateInfo)
   在 System.Web.HttpResponse.AbortCurrentThread()
   在 Ueditor.Handler.WriteJson(Object response) 位置 C:\Users\Administrator\Documents\WeChat Files\chenjianjun199381\FileStorage\File\2019-12\Ueditor\Ueditor\AppCode\Handler.cs:行号 38
   在 Ueditor.MyUploadHandler.WriteResult() 位置 C:\Users\Administrator\Documents\WeChat Files\chenjianjun199381\FileStorage\File\2019-12\Ueditor\Ueditor\AppCode\MyUploadHandler.cs:行号 107
   在 Ueditor.MyUploadHandler.Process() 位置 C:\Users\Administrator\Documents\WeChat Files\chenjianjun199381\FileStorage\File\2019-12\Ueditor\Ueditor\AppCode\MyUploadHandler.cs:行号 55
************************Exception End**************************

